<?xml version="1.0" encoding="UTF-8"?>
<!-- Generated by org.testng.reporters.JUnitXMLReporter -->
<testsuite ignored="0" hostname="MONO-9FWQQ34" failures="0" tests="3" name="Data Provider concept" time="0.06" errors="0" timestamp="2026-01-12T18:41:55 IST">
  <testcase classname="testNGBasics.DataProviderConceptusingTestNG" name="loginFun" time="0.012"/>
  <testcase classname="testNGBasics.DataProviderConceptusingTestNG" name="loginFun" time="0.003"/>
  <testcase classname="testNGBasics.DataProviderConceptusingTestNG" name="loginFun" time="0.003"/>
</testsuite> <!-- Data Provider concept -->
