<?xml version="1.0" encoding="UTF-8"?>
<!-- Generated by org.testng.reporters.JUnitXMLReporter -->
<testsuite ignored="1" hostname="MONO-9FWQQ34" failures="0" tests="5" name="DependsOn and Enabled Concepts" time="0.105" errors="0" timestamp="2026-01-12T16:16:22 IST">
  <testcase classname="testNGBasics.DependsOnAndEnableConcept" name="teamB" time="0.01"/>
  <testcase classname="testNGBasics.DependsOnAndEnableConcept" name="teamE" time="0.003"/>
  <testcase classname="testNGBasics.DependsOnAndEnableConcept" name="teamF" time="0.001"/>
  <testcase classname="testNGBasics.DependsOnAndEnableConcept" name="teamD" time="0.001"/>
  <testcase classname="testNGBasics.DependsOnAndEnableConcept" name="teamA" time="0.009"/>
  <testcase classname="testNGBasics.DependsOnAndEnableConcept" name="teamC" time="0.0">
    <ignored/>
  </testcase> <!-- teamC -->
</testsuite> <!-- DependsOn and Enabled Concepts -->
