<?xml version="1.0" encoding="UTF-8"?>
<!-- Generated by org.testng.reporters.JUnitXMLReporter -->
<testsuite ignored="8" hostname="MONO-9FWQQ34" failures="0" tests="3" name="Groups Concept" time="0.07" errors="0" timestamp="2026-01-12T15:15:26 IST">
  <testcase classname="testNGBasics.VehicleLoan" name="vehicleBusLoan" time="0.008"/>
  <testcase classname="testNGBasics.PersonalLoan" name="personalCarLoan" time="0.001"/>
  <testcase classname="testNGBasics.GoldLoan" name="goldNeclaceLoan" time="0.002"/>
  <testcase classname="testNGBasics.VehicleLoan" name="vehicleBikeLoan" time="0.0">
    <ignored/>
  </testcase> <!-- vehicleBikeLoan -->
  <testcase classname="com.selenium.Stream1" name="stream3" time="0.0">
    <ignored/>
  </testcase> <!-- stream3 -->
  <testcase classname="testNGBasics.PersonalLoan" name="personalGoldLoan" time="0.0">
    <ignored/>
  </testcase> <!-- personalGoldLoan -->
  <testcase classname="testNGBasics.GoldLoan" name="goldChainLoan" time="0.0">
    <ignored/>
  </testcase> <!-- goldChainLoan -->
  <testcase classname="testNGBasics.PersonalLoan" name="personalHomeLoan" time="0.0">
    <ignored/>
  </testcase> <!-- personalHomeLoan -->
  <testcase classname="testNGBasics.GoldLoan" name="goldRingLoan" time="0.0">
    <ignored/>
  </testcase> <!-- goldRingLoan -->
  <testcase classname="testNGBasics.VehicleLoan" name="vehicleCarLoan" time="0.0">
    <ignored/>
  </testcase> <!-- vehicleCarLoan -->
  <testcase classname="testNGBasics.AnnotationsConcept" name="day5" time="0.0">
    <ignored/>
  </testcase> <!-- day5 -->
</testsuite> <!-- Groups Concept -->
