<?xml version="1.0" encoding="UTF-8"?>
<!-- Generated by org.testng.reporters.JUnitXMLReporter -->
<testsuite ignored="0" hostname="MONO-9FWQQ34" failures="1" tests="1" name="Test" time="0.041" errors="0" timestamp="2026-01-12T17:46:56 IST">
  <testcase classname="testNGBasics.DataProviderConceptusingTestNG" name="loginFun" time="0.0">
    <failure type="org.testng.TestNGException" message="
Data Provider public void testNGBasics.DataProviderConceptusingTestNG.getData() returned a null value">
      <![CDATA[org.testng.TestNGException: 
Data Provider public void testNGBasics.DataProviderConceptusingTestNG.getData() returned a null value
at java.base/java.util.ArrayList.forEach(ArrayList.java:1597)
... Removed 24 stack frames]]>
    </failure>
  </testcase> <!-- loginFun -->
</testsuite> <!-- Test -->
