<?xml version="1.0" encoding="UTF-8"?>
<!-- Generated by org.testng.reporters.JUnitXMLReporter -->
<testsuite ignored="3" hostname="MONO-9FWQQ34" failures="0" tests="0" time="0.001" errors="0" timestamp="2026-01-12T13:40:52 IST">
  <testcase classname="testNGBasics.GoldLoan" name="goldRingLoan" time="0.0">
    <ignored/>
  </testcase> <!-- goldRingLoan -->
  <testcase classname="testNGBasics.GoldLoan" name="goldNeclaceLoan" time="0.0">
    <ignored/>
  </testcase> <!-- goldNeclaceLoan -->
  <testcase classname="testNGBasics.GoldLoan" name="goldChainLoan" time="0.0">
    <ignored/>
  </testcase> <!-- goldChainLoan -->
</testsuite>
