<?xml version="1.0" encoding="UTF-8"?>
<!-- Generated by org.testng.reporters.JUnitXMLReporter -->
<testsuite ignored="3" hostname="MONO-9FWQQ34" failures="0" tests="3" name="Personal Loan module" time="0.064" errors="0" timestamp="2026-01-12T13:40:52 IST">
  <testcase classname="testNGBasics.PersonalLoan" name="personalHomeLoan" time="0.009"/>
  <testcase classname="testNGBasics.VehicleLoan" name="vehicleBikeLoan" time="0.002"/>
  <testcase classname="testNGBasics.VehicleLoan" name="vehicleCarLoan" time="0.002"/>
  <testcase classname="testNGBasics.PersonalLoan" name="personalCarLoan" time="0.0">
    <ignored/>
  </testcase> <!-- personalCarLoan -->
  <testcase classname="testNGBasics.VehicleLoan" name="vehicleBusLoan" time="0.0">
    <ignored/>
  </testcase> <!-- vehicleBusLoan -->
  <testcase classname="testNGBasics.PersonalLoan" name="personalGoldLoan" time="0.0">
    <ignored/>
  </testcase> <!-- personalGoldLoan -->
</testsuite> <!-- Personal Loan module -->
