<?xml version="1.0" encoding="UTF-8"?>
<!-- Generated by org.testng.reporters.JUnitXMLReporter -->
<testsuite ignored="0" hostname="MONO-9FWQQ34" failures="0" tests="9" name="Personal Loan" time="0.083" errors="0" timestamp="2026-01-12T12:37:45 IST">
  <testcase classname="testNGBasics.PersonalLoan" name="personalCarLoan" time="0.009"/>
  <testcase classname="testNGBasics.PersonalLoan" name="personalGoldLoan" time="0.002"/>
  <testcase classname="testNGBasics.PersonalLoan" name="personalHomeLoan" time="0.001"/>
  <testcase classname="testNGBasics.VehicleLoan" name="vehicleBikeLoan" time="0.003"/>
  <testcase classname="testNGBasics.VehicleLoan" name="vehicleBusLoan" time="0.002"/>
  <testcase classname="testNGBasics.VehicleLoan" name="vehicleCarLoan" time="0.002"/>
  <testcase classname="testNGBasics.GoldLoan" name="goldChainLoan" time="0.002"/>
  <testcase classname="testNGBasics.GoldLoan" name="goldNeclaceLoan" time="0.003"/>
  <testcase classname="testNGBasics.GoldLoan" name="goldRingLoan" time="0.001"/>
</testsuite> <!-- Personal Loan -->
