<?xml version="1.0" encoding="UTF-8"?>
<!-- Generated by org.testng.reporters.JUnitReportReporter -->
<testsuite hostname="MONO-9FWQQ34" failures="0" tests="6" name="testNGBasics.DependsOnAndEnableConcept" time="0.024" errors="0" timestamp="2026-01-12T16:16:22 IST" skipped="1">
  <testcase classname="testNGBasics.DependsOnAndEnableConcept" name="teamF" time="0.001"/>
  <testcase classname="testNGBasics.DependsOnAndEnableConcept" name="teamE" time="0.003"/>
  <testcase classname="testNGBasics.DependsOnAndEnableConcept" name="teamB" time="0.010"/>
  <testcase classname="testNGBasics.DependsOnAndEnableConcept" name="teamA" time="0.009"/>
  <testcase classname="testNGBasics.DependsOnAndEnableConcept" name="teamD" time="0.001"/>
  <testcase classname="testNGBasics.DependsOnAndEnableConcept" name="teamC">
    <skipped/>
  </testcase> <!-- teamC -->
</testsuite> <!-- testNGBasics.DependsOnAndEnableConcept -->
